{"/Users/dark_gleeman/Documents/Upenn/Courses/CIS 5500/TourEZ/server/server.js": {"path":"/Users/dark_gleeman/Documents/Upenn/Courses/CIS 5500/TourEZ/server/server.js","statementMap":{"0":{"start":{"line":1,"column":16},"end":{"line":1,"column":34}},"1":{"start":{"line":2,"column":13},"end":{"line":2,"column":28}},"2":{"start":{"line":3,"column":28},"end":{"line":3,"column":54}},"3":{"start":{"line":4,"column":18},"end":{"line":4,"column":41}},"4":{"start":{"line":5,"column":23},"end":{"line":5,"column":51}},"5":{"start":{"line":6,"column":20},"end":{"line":6,"column":45}},"6":{"start":{"line":7,"column":20},"end":{"line":7,"column":44}},"7":{"start":{"line":8,"column":20},"end":{"line":8,"column":45}},"8":{"start":{"line":9,"column":43},"end":{"line":9,"column":67}},"9":{"start":{"line":11,"column":12},"end":{"line":11,"column":21}},"10":{"start":{"line":12,"column":0},"end":{"line":14,"column":4}},"11":{"start":{"line":15,"column":0},"end":{"line":15,"column":24}},"12":{"start":{"line":17,"column":0},"end":{"line":29,"column":3}},"13":{"start":{"line":18,"column":2},"end":{"line":28,"column":3}},"14":{"start":{"line":19,"column":20},"end":{"line":19,"column":28}},"15":{"start":{"line":20,"column":23},"end":{"line":20,"column":50}},"16":{"start":{"line":21,"column":4},"end":{"line":21,"column":46}},"17":{"start":{"line":23,"column":4},"end":{"line":27,"column":5}},"18":{"start":{"line":24,"column":6},"end":{"line":24,"column":55}},"19":{"start":{"line":26,"column":6},"end":{"line":26,"column":65}},"20":{"start":{"line":31,"column":0},"end":{"line":39,"column":3}},"21":{"start":{"line":32,"column":2},"end":{"line":38,"column":3}},"22":{"start":{"line":33,"column":35},"end":{"line":33,"column":43}},"23":{"start":{"line":34,"column":19},"end":{"line":34,"column":65}},"24":{"start":{"line":35,"column":4},"end":{"line":35,"column":43}},"25":{"start":{"line":37,"column":4},"end":{"line":37,"column":63}},"26":{"start":{"line":41,"column":0},"end":{"line":41,"column":48}},"27":{"start":{"line":42,"column":0},"end":{"line":42,"column":63}},"28":{"start":{"line":43,"column":0},"end":{"line":43,"column":63}},"29":{"start":{"line":44,"column":0},"end":{"line":44,"column":64}},"30":{"start":{"line":45,"column":0},"end":{"line":45,"column":77}},"31":{"start":{"line":46,"column":0},"end":{"line":46,"column":69}},"32":{"start":{"line":47,"column":0},"end":{"line":47,"column":70}},"33":{"start":{"line":48,"column":0},"end":{"line":48,"column":76}},"34":{"start":{"line":49,"column":0},"end":{"line":49,"column":70}},"35":{"start":{"line":50,"column":0},"end":{"line":50,"column":61}},"36":{"start":{"line":51,"column":0},"end":{"line":51,"column":67}},"37":{"start":{"line":52,"column":0},"end":{"line":52,"column":61}},"38":{"start":{"line":53,"column":0},"end":{"line":53,"column":55}},"39":{"start":{"line":54,"column":0},"end":{"line":54,"column":61}},"40":{"start":{"line":55,"column":0},"end":{"line":55,"column":55}},"41":{"start":{"line":56,"column":0},"end":{"line":56,"column":89}},"42":{"start":{"line":58,"column":0},"end":{"line":60,"column":3}},"43":{"start":{"line":59,"column":2},"end":{"line":59,"column":48}},"44":{"start":{"line":62,"column":0},"end":{"line":62,"column":21}}},"fnMap":{"0":{"name":"(anonymous_0)","decl":{"start":{"line":17,"column":22},"end":{"line":17,"column":23}},"loc":{"start":{"line":17,"column":42},"end":{"line":29,"column":1}},"line":17},"1":{"name":"(anonymous_1)","decl":{"start":{"line":31,"column":19},"end":{"line":31,"column":20}},"loc":{"start":{"line":31,"column":39},"end":{"line":39,"column":1}},"line":31},"2":{"name":"(anonymous_2)","decl":{"start":{"line":58,"column":17},"end":{"line":58,"column":18}},"loc":{"start":{"line":58,"column":23},"end":{"line":60,"column":1}},"line":58}},"branchMap":{"0":{"loc":{"start":{"line":23,"column":4},"end":{"line":27,"column":5}},"type":"if","locations":[{"start":{"line":23,"column":4},"end":{"line":27,"column":5}},{"start":{"line":25,"column":11},"end":{"line":27,"column":5}}],"line":23}},"s":{"0":1,"1":1,"2":1,"3":1,"4":1,"5":1,"6":1,"7":1,"8":1,"9":1,"10":1,"11":1,"12":1,"13":2,"14":2,"15":2,"16":1,"17":1,"18":1,"19":0,"20":1,"21":2,"22":2,"23":2,"24":1,"25":1,"26":1,"27":1,"28":1,"29":1,"30":1,"31":1,"32":1,"33":1,"34":1,"35":1,"36":1,"37":1,"38":1,"39":1,"40":1,"41":1,"42":1,"43":1,"44":1},"f":{"0":2,"1":2,"2":1},"b":{"0":[1,0]},"_coverageSchema":"1a1c01bbd47fc00a2c39e90264f33305004495a9","hash":"9c01ad9c9dabd0273cecfe3230f5baa9e788e9af"}
,"/Users/dark_gleeman/Documents/Upenn/Courses/CIS 5500/TourEZ/server/api/airline.js": {"path":"/Users/dark_gleeman/Documents/Upenn/Courses/CIS 5500/TourEZ/server/api/airline.js","statementMap":{"0":{"start":{"line":1,"column":25},"end":{"line":1,"column":55}},"1":{"start":{"line":4,"column":30},"end":{"line":101,"column":1}},"2":{"start":{"line":5,"column":18},"end":{"line":5,"column":36}},"3":{"start":{"line":6,"column":19},"end":{"line":6,"column":38}},"4":{"start":{"line":7,"column":18},"end":{"line":7,"column":36}},"5":{"start":{"line":8,"column":19},"end":{"line":8,"column":38}},"6":{"start":{"line":9,"column":23},"end":{"line":9,"column":57}},"7":{"start":{"line":11,"column":21},"end":{"line":36,"column":3}},"8":{"start":{"line":39,"column":21},"end":{"line":39,"column":23}},"9":{"start":{"line":41,"column":2},"end":{"line":100,"column":3}},"10":{"start":{"line":43,"column":29},"end":{"line":43,"column":81}},"11":{"start":{"line":44,"column":4},"end":{"line":44,"column":44}},"12":{"start":{"line":46,"column":4},"end":{"line":94,"column":5}},"13":{"start":{"line":47,"column":26},"end":{"line":89,"column":7}},"14":{"start":{"line":92,"column":32},"end":{"line":92,"column":85}},"15":{"start":{"line":93,"column":6},"end":{"line":93,"column":48}},"16":{"start":{"line":96,"column":4},"end":{"line":96,"column":25}},"17":{"start":{"line":98,"column":4},"end":{"line":98,"column":58}},"18":{"start":{"line":99,"column":4},"end":{"line":99,"column":61}},"19":{"start":{"line":103,"column":0},"end":{"line":103,"column":43}}},"fnMap":{"0":{"name":"(anonymous_0)","decl":{"start":{"line":4,"column":30},"end":{"line":4,"column":31}},"loc":{"start":{"line":4,"column":55},"end":{"line":101,"column":1}},"line":4}},"branchMap":{"0":{"loc":{"start":{"line":46,"column":4},"end":{"line":94,"column":5}},"type":"if","locations":[{"start":{"line":46,"column":4},"end":{"line":94,"column":5}},{"start":{},"end":{}}],"line":46}},"s":{"0":1,"1":1,"2":2,"3":2,"4":2,"5":2,"6":2,"7":2,"8":2,"9":2,"10":2,"11":2,"12":2,"13":1,"14":1,"15":1,"16":2,"17":0,"18":0,"19":1},"f":{"0":2},"b":{"0":[1,1]},"_coverageSchema":"1a1c01bbd47fc00a2c39e90264f33305004495a9","hash":"433deb873b4909b5ea6703fd00b639657f74ca13"}
,"/Users/dark_gleeman/Documents/Upenn/Courses/CIS 5500/TourEZ/server/api/attractions.js": {"path":"/Users/dark_gleeman/Documents/Upenn/Courses/CIS 5500/TourEZ/server/api/attractions.js","statementMap":{"0":{"start":{"line":1,"column":25},"end":{"line":1,"column":55}},"1":{"start":{"line":3,"column":29},"end":{"line":23,"column":1}},"2":{"start":{"line":4,"column":15},"end":{"line":4,"column":29}},"3":{"start":{"line":5,"column":16},"end":{"line":5,"column":31}},"4":{"start":{"line":7,"column":2},"end":{"line":22,"column":3}},"5":{"start":{"line":8,"column":18},"end":{"line":15,"column":5}},"6":{"start":{"line":17,"column":17},"end":{"line":17,"column":57}},"7":{"start":{"line":18,"column":4},"end":{"line":18,"column":19}},"8":{"start":{"line":20,"column":4},"end":{"line":20,"column":57}},"9":{"start":{"line":21,"column":4},"end":{"line":21,"column":61}},"10":{"start":{"line":25,"column":32},"end":{"line":43,"column":1}},"11":{"start":{"line":26,"column":18},"end":{"line":26,"column":36}},"12":{"start":{"line":28,"column":2},"end":{"line":42,"column":3}},"13":{"start":{"line":29,"column":18},"end":{"line":36,"column":5}},"14":{"start":{"line":37,"column":17},"end":{"line":37,"column":53}},"15":{"start":{"line":38,"column":4},"end":{"line":38,"column":19}},"16":{"start":{"line":40,"column":4},"end":{"line":40,"column":60}},"17":{"start":{"line":41,"column":4},"end":{"line":41,"column":61}},"18":{"start":{"line":45,"column":29},"end":{"line":70,"column":1}},"19":{"start":{"line":46,"column":19},"end":{"line":46,"column":37}},"20":{"start":{"line":47,"column":20},"end":{"line":47,"column":39}},"21":{"start":{"line":48,"column":25},"end":{"line":48,"column":48}},"22":{"start":{"line":49,"column":2},"end":{"line":51,"column":3}},"23":{"start":{"line":50,"column":4},"end":{"line":50,"column":59}},"24":{"start":{"line":53,"column":2},"end":{"line":69,"column":3}},"25":{"start":{"line":54,"column":18},"end":{"line":63,"column":5}},"26":{"start":{"line":64,"column":17},"end":{"line":64,"column":81}},"27":{"start":{"line":65,"column":4},"end":{"line":65,"column":19}},"28":{"start":{"line":67,"column":4},"end":{"line":67,"column":57}},"29":{"start":{"line":68,"column":4},"end":{"line":68,"column":61}},"30":{"start":{"line":113,"column":0},"end":{"line":118,"column":2}}},"fnMap":{"0":{"name":"(anonymous_0)","decl":{"start":{"line":3,"column":29},"end":{"line":3,"column":30}},"loc":{"start":{"line":3,"column":54},"end":{"line":23,"column":1}},"line":3},"1":{"name":"(anonymous_1)","decl":{"start":{"line":25,"column":32},"end":{"line":25,"column":33}},"loc":{"start":{"line":25,"column":57},"end":{"line":43,"column":1}},"line":25},"2":{"name":"(anonymous_2)","decl":{"start":{"line":45,"column":29},"end":{"line":45,"column":30}},"loc":{"start":{"line":45,"column":54},"end":{"line":70,"column":1}},"line":45}},"branchMap":{"0":{"loc":{"start":{"line":48,"column":25},"end":{"line":48,"column":48}},"type":"binary-expr","locations":[{"start":{"line":48,"column":25},"end":{"line":48,"column":43}},{"start":{"line":48,"column":47},"end":{"line":48,"column":48}}],"line":48},"1":{"loc":{"start":{"line":49,"column":2},"end":{"line":51,"column":3}},"type":"if","locations":[{"start":{"line":49,"column":2},"end":{"line":51,"column":3}},{"start":{},"end":{}}],"line":49},"2":{"loc":{"start":{"line":49,"column":6},"end":{"line":49,"column":29}},"type":"binary-expr","locations":[{"start":{"line":49,"column":6},"end":{"line":49,"column":15}},{"start":{"line":49,"column":19},"end":{"line":49,"column":29}}],"line":49}},"s":{"0":1,"1":1,"2":1,"3":1,"4":1,"5":1,"6":1,"7":1,"8":0,"9":0,"10":1,"11":1,"12":1,"13":1,"14":1,"15":1,"16":0,"17":0,"18":1,"19":1,"20":1,"21":1,"22":1,"23":0,"24":1,"25":1,"26":1,"27":1,"28":0,"29":0,"30":1},"f":{"0":1,"1":1,"2":1},"b":{"0":[1,0],"1":[0,1],"2":[1,1]},"_coverageSchema":"1a1c01bbd47fc00a2c39e90264f33305004495a9","hash":"080e848472eaa0c41541ca22010b3868833a23e4"}
,"/Users/dark_gleeman/Documents/Upenn/Courses/CIS 5500/TourEZ/server/api/business.js": {"path":"/Users/dark_gleeman/Documents/Upenn/Courses/CIS 5500/TourEZ/server/api/business.js","statementMap":{"0":{"start":{"line":1,"column":40},"end":{"line":1,"column":70}},"1":{"start":{"line":6,"column":26},"end":{"line":27,"column":1}},"2":{"start":{"line":7,"column":15},"end":{"line":7,"column":29}},"3":{"start":{"line":8,"column":16},"end":{"line":8,"column":31}},"4":{"start":{"line":10,"column":1},"end":{"line":24,"column":2}},"5":{"start":{"line":11,"column":16},"end":{"line":17,"column":2}},"6":{"start":{"line":19,"column":14},"end":{"line":19,"column":53}},"7":{"start":{"line":20,"column":1},"end":{"line":20,"column":16}},"8":{"start":{"line":22,"column":4},"end":{"line":22,"column":56}},"9":{"start":{"line":23,"column":4},"end":{"line":23,"column":61}},"10":{"start":{"line":29,"column":29},"end":{"line":46,"column":1}},"11":{"start":{"line":30,"column":18},"end":{"line":30,"column":36}},"12":{"start":{"line":32,"column":2},"end":{"line":44,"column":3}},"13":{"start":{"line":33,"column":18},"end":{"line":38,"column":5}},"14":{"start":{"line":39,"column":17},"end":{"line":39,"column":52}},"15":{"start":{"line":40,"column":4},"end":{"line":40,"column":19}},"16":{"start":{"line":42,"column":4},"end":{"line":42,"column":57}},"17":{"start":{"line":43,"column":4},"end":{"line":43,"column":61}},"18":{"start":{"line":48,"column":26},"end":{"line":74,"column":1}},"19":{"start":{"line":50,"column":19},"end":{"line":50,"column":37}},"20":{"start":{"line":51,"column":20},"end":{"line":51,"column":39}},"21":{"start":{"line":52,"column":25},"end":{"line":52,"column":48}},"22":{"start":{"line":54,"column":2},"end":{"line":56,"column":3}},"23":{"start":{"line":55,"column":4},"end":{"line":55,"column":59}},"24":{"start":{"line":58,"column":2},"end":{"line":72,"column":3}},"25":{"start":{"line":59,"column":18},"end":{"line":65,"column":3}},"26":{"start":{"line":66,"column":17},"end":{"line":66,"column":78}},"27":{"start":{"line":68,"column":4},"end":{"line":68,"column":19}},"28":{"start":{"line":70,"column":4},"end":{"line":70,"column":54}},"29":{"start":{"line":71,"column":4},"end":{"line":71,"column":61}},"30":{"start":{"line":100,"column":0},"end":{"line":105,"column":2}}},"fnMap":{"0":{"name":"(anonymous_0)","decl":{"start":{"line":6,"column":26},"end":{"line":6,"column":27}},"loc":{"start":{"line":6,"column":51},"end":{"line":27,"column":1}},"line":6},"1":{"name":"(anonymous_1)","decl":{"start":{"line":29,"column":29},"end":{"line":29,"column":30}},"loc":{"start":{"line":29,"column":54},"end":{"line":46,"column":1}},"line":29},"2":{"name":"(anonymous_2)","decl":{"start":{"line":48,"column":26},"end":{"line":48,"column":27}},"loc":{"start":{"line":48,"column":51},"end":{"line":74,"column":1}},"line":48}},"branchMap":{"0":{"loc":{"start":{"line":52,"column":25},"end":{"line":52,"column":48}},"type":"binary-expr","locations":[{"start":{"line":52,"column":25},"end":{"line":52,"column":43}},{"start":{"line":52,"column":47},"end":{"line":52,"column":48}}],"line":52},"1":{"loc":{"start":{"line":54,"column":2},"end":{"line":56,"column":3}},"type":"if","locations":[{"start":{"line":54,"column":2},"end":{"line":56,"column":3}},{"start":{},"end":{}}],"line":54},"2":{"loc":{"start":{"line":54,"column":6},"end":{"line":54,"column":29}},"type":"binary-expr","locations":[{"start":{"line":54,"column":6},"end":{"line":54,"column":15}},{"start":{"line":54,"column":19},"end":{"line":54,"column":29}}],"line":54}},"s":{"0":1,"1":1,"2":1,"3":1,"4":1,"5":1,"6":1,"7":1,"8":0,"9":0,"10":1,"11":1,"12":1,"13":1,"14":1,"15":1,"16":0,"17":0,"18":1,"19":1,"20":1,"21":1,"22":1,"23":0,"24":1,"25":1,"26":1,"27":1,"28":0,"29":0,"30":1},"f":{"0":1,"1":1,"2":1},"b":{"0":[1,0],"1":[0,1],"2":[1,1]},"_coverageSchema":"1a1c01bbd47fc00a2c39e90264f33305004495a9","hash":"77184ac07bccd40d6b6758910b4e235d027c018a"}
,"/Users/dark_gleeman/Documents/Upenn/Courses/CIS 5500/TourEZ/server/api/hotels.js": {"path":"/Users/dark_gleeman/Documents/Upenn/Courses/CIS 5500/TourEZ/server/api/hotels.js","statementMap":{"0":{"start":{"line":1,"column":40},"end":{"line":1,"column":70}},"1":{"start":{"line":5,"column":24},"end":{"line":28,"column":3}},"2":{"start":{"line":6,"column":17},"end":{"line":6,"column":31}},"3":{"start":{"line":7,"column":18},"end":{"line":7,"column":33}},"4":{"start":{"line":10,"column":4},"end":{"line":27,"column":5}},"5":{"start":{"line":11,"column":20},"end":{"line":20,"column":6}},"6":{"start":{"line":21,"column":18},"end":{"line":21,"column":57}},"7":{"start":{"line":22,"column":5},"end":{"line":22,"column":20}},"8":{"start":{"line":25,"column":6},"end":{"line":25,"column":54}},"9":{"start":{"line":26,"column":6},"end":{"line":26,"column":63}},"10":{"start":{"line":30,"column":29},"end":{"line":51,"column":3}},"11":{"start":{"line":31,"column":20},"end":{"line":31,"column":38}},"12":{"start":{"line":33,"column":4},"end":{"line":49,"column":5}},"13":{"start":{"line":34,"column":20},"end":{"line":41,"column":7}},"14":{"start":{"line":42,"column":19},"end":{"line":42,"column":54}},"15":{"start":{"line":43,"column":6},"end":{"line":43,"column":21}},"16":{"start":{"line":47,"column":6},"end":{"line":47,"column":57}},"17":{"start":{"line":48,"column":6},"end":{"line":48,"column":63}},"18":{"start":{"line":53,"column":26},"end":{"line":79,"column":3}},"19":{"start":{"line":54,"column":21},"end":{"line":54,"column":39}},"20":{"start":{"line":55,"column":22},"end":{"line":55,"column":41}},"21":{"start":{"line":56,"column":27},"end":{"line":56,"column":50}},"22":{"start":{"line":57,"column":4},"end":{"line":59,"column":5}},"23":{"start":{"line":58,"column":6},"end":{"line":58,"column":61}},"24":{"start":{"line":62,"column":4},"end":{"line":76,"column":5}},"25":{"start":{"line":63,"column":20},"end":{"line":70,"column":7}},"26":{"start":{"line":71,"column":19},"end":{"line":71,"column":83}},"27":{"start":{"line":72,"column":6},"end":{"line":72,"column":21}},"28":{"start":{"line":74,"column":6},"end":{"line":74,"column":54}},"29":{"start":{"line":75,"column":6},"end":{"line":75,"column":63}},"30":{"start":{"line":81,"column":43},"end":{"line":156,"column":3}},"31":{"start":{"line":82,"column":17},"end":{"line":82,"column":31}},"32":{"start":{"line":83,"column":18},"end":{"line":83,"column":33}},"33":{"start":{"line":84,"column":4},"end":{"line":86,"column":5}},"34":{"start":{"line":85,"column":6},"end":{"line":85,"column":53}},"35":{"start":{"line":90,"column":4},"end":{"line":90,"column":46}},"36":{"start":{"line":91,"column":28},"end":{"line":91,"column":72}},"37":{"start":{"line":92,"column":4},"end":{"line":94,"column":5}},"38":{"start":{"line":93,"column":6},"end":{"line":93,"column":53}},"39":{"start":{"line":95,"column":26},"end":{"line":95,"column":54}},"40":{"start":{"line":96,"column":27},"end":{"line":96,"column":56}},"41":{"start":{"line":98,"column":25},"end":{"line":98,"column":56}},"42":{"start":{"line":99,"column":22},"end":{"line":99,"column":50}},"43":{"start":{"line":104,"column":4},"end":{"line":104,"column":26}},"44":{"start":{"line":105,"column":4},"end":{"line":107,"column":5}},"45":{"start":{"line":106,"column":6},"end":{"line":106,"column":53}},"46":{"start":{"line":108,"column":4},"end":{"line":111,"column":5}},"47":{"start":{"line":109,"column":6},"end":{"line":110,"column":62}},"48":{"start":{"line":109,"column":24},"end":{"line":109,"column":68}},"49":{"start":{"line":110,"column":11},"end":{"line":110,"column":62}},"50":{"start":{"line":115,"column":4},"end":{"line":153,"column":5}},"51":{"start":{"line":116,"column":20},"end":{"line":143,"column":26}},"52":{"start":{"line":144,"column":6},"end":{"line":144,"column":36}},"53":{"start":{"line":145,"column":6},"end":{"line":145,"column":33}},"54":{"start":{"line":146,"column":19},"end":{"line":146,"column":107}},"55":{"start":{"line":147,"column":6},"end":{"line":147,"column":21}},"56":{"start":{"line":148,"column":6},"end":{"line":148,"column":31}},"57":{"start":{"line":151,"column":6},"end":{"line":151,"column":71}},"58":{"start":{"line":152,"column":6},"end":{"line":152,"column":63}},"59":{"start":{"line":157,"column":0},"end":{"line":162,"column":2}}},"fnMap":{"0":{"name":"(anonymous_0)","decl":{"start":{"line":5,"column":24},"end":{"line":5,"column":25}},"loc":{"start":{"line":5,"column":49},"end":{"line":28,"column":3}},"line":5},"1":{"name":"(anonymous_1)","decl":{"start":{"line":30,"column":29},"end":{"line":30,"column":30}},"loc":{"start":{"line":30,"column":54},"end":{"line":51,"column":3}},"line":30},"2":{"name":"(anonymous_2)","decl":{"start":{"line":53,"column":26},"end":{"line":53,"column":27}},"loc":{"start":{"line":53,"column":51},"end":{"line":79,"column":3}},"line":53},"3":{"name":"(anonymous_3)","decl":{"start":{"line":81,"column":43},"end":{"line":81,"column":44}},"loc":{"start":{"line":81,"column":68},"end":{"line":156,"column":3}},"line":81}},"branchMap":{"0":{"loc":{"start":{"line":56,"column":27},"end":{"line":56,"column":50}},"type":"binary-expr","locations":[{"start":{"line":56,"column":27},"end":{"line":56,"column":45}},{"start":{"line":56,"column":49},"end":{"line":56,"column":50}}],"line":56},"1":{"loc":{"start":{"line":57,"column":4},"end":{"line":59,"column":5}},"type":"if","locations":[{"start":{"line":57,"column":4},"end":{"line":59,"column":5}},{"start":{},"end":{}}],"line":57},"2":{"loc":{"start":{"line":57,"column":8},"end":{"line":57,"column":31}},"type":"binary-expr","locations":[{"start":{"line":57,"column":8},"end":{"line":57,"column":17}},{"start":{"line":57,"column":21},"end":{"line":57,"column":31}}],"line":57},"3":{"loc":{"start":{"line":84,"column":4},"end":{"line":86,"column":5}},"type":"if","locations":[{"start":{"line":84,"column":4},"end":{"line":86,"column":5}},{"start":{},"end":{}}],"line":84},"4":{"loc":{"start":{"line":84,"column":8},"end":{"line":84,"column":23}},"type":"binary-expr","locations":[{"start":{"line":84,"column":8},"end":{"line":84,"column":13}},{"start":{"line":84,"column":17},"end":{"line":84,"column":23}}],"line":84},"5":{"loc":{"start":{"line":91,"column":28},"end":{"line":91,"column":72}},"type":"binary-expr","locations":[{"start":{"line":91,"column":28},"end":{"line":91,"column":56}},{"start":{"line":91,"column":59},"end":{"line":91,"column":72}}],"line":91},"6":{"loc":{"start":{"line":92,"column":4},"end":{"line":94,"column":5}},"type":"if","locations":[{"start":{"line":92,"column":4},"end":{"line":94,"column":5}},{"start":{},"end":{}}],"line":92},"7":{"loc":{"start":{"line":95,"column":26},"end":{"line":95,"column":54}},"type":"binary-expr","locations":[{"start":{"line":95,"column":26},"end":{"line":95,"column":49}},{"start":{"line":95,"column":53},"end":{"line":95,"column":54}}],"line":95},"8":{"loc":{"start":{"line":96,"column":27},"end":{"line":96,"column":56}},"type":"binary-expr","locations":[{"start":{"line":96,"column":27},"end":{"line":96,"column":51}},{"start":{"line":96,"column":55},"end":{"line":96,"column":56}}],"line":96},"9":{"loc":{"start":{"line":98,"column":25},"end":{"line":98,"column":56}},"type":"binary-expr","locations":[{"start":{"line":98,"column":25},"end":{"line":98,"column":47}},{"start":{"line":98,"column":51},"end":{"line":98,"column":56}}],"line":98},"10":{"loc":{"start":{"line":99,"column":22},"end":{"line":99,"column":50}},"type":"binary-expr","locations":[{"start":{"line":99,"column":22},"end":{"line":99,"column":41}},{"start":{"line":99,"column":45},"end":{"line":99,"column":50}}],"line":99},"11":{"loc":{"start":{"line":105,"column":4},"end":{"line":107,"column":5}},"type":"if","locations":[{"start":{"line":105,"column":4},"end":{"line":107,"column":5}},{"start":{},"end":{}}],"line":105},"12":{"loc":{"start":{"line":108,"column":4},"end":{"line":111,"column":5}},"type":"if","locations":[{"start":{"line":108,"column":4},"end":{"line":111,"column":5}},{"start":{},"end":{}}],"line":108},"13":{"loc":{"start":{"line":109,"column":6},"end":{"line":110,"column":62}},"type":"if","locations":[{"start":{"line":109,"column":6},"end":{"line":110,"column":62}},{"start":{"line":110,"column":11},"end":{"line":110,"column":62}}],"line":109}},"s":{"0":1,"1":1,"2":1,"3":1,"4":1,"5":1,"6":1,"7":1,"8":0,"9":0,"10":1,"11":1,"12":1,"13":1,"14":1,"15":1,"16":0,"17":0,"18":1,"19":1,"20":1,"21":1,"22":1,"23":0,"24":1,"25":1,"26":1,"27":1,"28":0,"29":0,"30":1,"31":1,"32":1,"33":1,"34":0,"35":1,"36":1,"37":1,"38":0,"39":1,"40":1,"41":1,"42":1,"43":1,"44":1,"45":1,"46":1,"47":1,"48":1,"49":0,"50":1,"51":1,"52":1,"53":1,"54":1,"55":1,"56":1,"57":0,"58":0,"59":1},"f":{"0":1,"1":1,"2":1,"3":1},"b":{"0":[1,0],"1":[0,1],"2":[1,1],"3":[0,1],"4":[1,1],"5":[1,0],"6":[0,1],"7":[1,0],"8":[1,0],"9":[1,0],"10":[1,0],"11":[1,0],"12":[1,0],"13":[1,0]},"_coverageSchema":"1a1c01bbd47fc00a2c39e90264f33305004495a9","hash":"ce9a8a5f7496889cc11ace67980e3d6abc13aade"}
,"/Users/dark_gleeman/Documents/Upenn/Courses/CIS 5500/TourEZ/server/api/location.js": {"path":"/Users/dark_gleeman/Documents/Upenn/Courses/CIS 5500/TourEZ/server/api/location.js","statementMap":{"0":{"start":{"line":1,"column":23},"end":{"line":1,"column":53}},"1":{"start":{"line":3,"column":29},"end":{"line":18,"column":1}},"2":{"start":{"line":4,"column":17},"end":{"line":4,"column":31}},"3":{"start":{"line":5,"column":18},"end":{"line":5,"column":33}},"4":{"start":{"line":7,"column":4},"end":{"line":17,"column":5}},"5":{"start":{"line":8,"column":21},"end":{"line":12,"column":25}},"6":{"start":{"line":13,"column":8},"end":{"line":13,"column":23}},"7":{"start":{"line":15,"column":8},"end":{"line":15,"column":27}},"8":{"start":{"line":16,"column":8},"end":{"line":16,"column":21}},"9":{"start":{"line":20,"column":21},"end":{"line":31,"column":1}},"10":{"start":{"line":21,"column":4},"end":{"line":30,"column":5}},"11":{"start":{"line":22,"column":21},"end":{"line":25,"column":10}},"12":{"start":{"line":26,"column":8},"end":{"line":26,"column":23}},"13":{"start":{"line":28,"column":8},"end":{"line":28,"column":27}},"14":{"start":{"line":29,"column":8},"end":{"line":29,"column":21}},"15":{"start":{"line":33,"column":25},"end":{"line":46,"column":1}},"16":{"start":{"line":34,"column":18},"end":{"line":34,"column":34}},"17":{"start":{"line":35,"column":4},"end":{"line":45,"column":5}},"18":{"start":{"line":36,"column":21},"end":{"line":40,"column":19}},"19":{"start":{"line":41,"column":8},"end":{"line":41,"column":23}},"20":{"start":{"line":43,"column":8},"end":{"line":43,"column":27}},"21":{"start":{"line":44,"column":8},"end":{"line":44,"column":21}},"22":{"start":{"line":49,"column":22},"end":{"line":144,"column":1}},"23":{"start":{"line":50,"column":17},"end":{"line":50,"column":32}},"24":{"start":{"line":51,"column":18},"end":{"line":51,"column":34}},"25":{"start":{"line":52,"column":4},"end":{"line":143,"column":5}},"26":{"start":{"line":53,"column":32},"end":{"line":59,"column":10}},"27":{"start":{"line":61,"column":30},"end":{"line":66,"column":10}},"28":{"start":{"line":68,"column":27},"end":{"line":74,"column":10}},"29":{"start":{"line":77,"column":32},"end":{"line":124,"column":19}},"30":{"start":{"line":126,"column":27},"end":{"line":126,"column":29}},"31":{"start":{"line":127,"column":8},"end":{"line":138,"column":11}},"32":{"start":{"line":128,"column":12},"end":{"line":137,"column":15}},"33":{"start":{"line":129,"column":16},"end":{"line":131,"column":17}},"34":{"start":{"line":130,"column":20},"end":{"line":130,"column":47}},"35":{"start":{"line":132,"column":16},"end":{"line":136,"column":17}},"36":{"start":{"line":133,"column":20},"end":{"line":135,"column":21}},"37":{"start":{"line":134,"column":24},"end":{"line":134,"column":63}},"38":{"start":{"line":139,"column":8},"end":{"line":139,"column":29}},"39":{"start":{"line":141,"column":8},"end":{"line":141,"column":27}},"40":{"start":{"line":142,"column":8},"end":{"line":142,"column":21}},"41":{"start":{"line":147,"column":25},"end":{"line":280,"column":1}},"42":{"start":{"line":148,"column":20},"end":{"line":148,"column":36}},"43":{"start":{"line":149,"column":23},"end":{"line":149,"column":67}},"44":{"start":{"line":149,"column":42},"end":{"line":149,"column":55}},"45":{"start":{"line":150,"column":18},"end":{"line":150,"column":34}},"46":{"start":{"line":151,"column":4},"end":{"line":279,"column":5}},"47":{"start":{"line":153,"column":32},"end":{"line":159,"column":10}},"48":{"start":{"line":161,"column":30},"end":{"line":166,"column":10}},"49":{"start":{"line":168,"column":27},"end":{"line":174,"column":10}},"50":{"start":{"line":177,"column":32},"end":{"line":227,"column":19}},"51":{"start":{"line":229,"column":31},"end":{"line":235,"column":9}},"52":{"start":{"line":230,"column":12},"end":{"line":233,"column":15}},"53":{"start":{"line":231,"column":30},"end":{"line":231,"column":67}},"54":{"start":{"line":231,"column":48},"end":{"line":231,"column":66}},"55":{"start":{"line":232,"column":16},"end":{"line":232,"column":98}},"56":{"start":{"line":234,"column":12},"end":{"line":234,"column":24}},"57":{"start":{"line":238,"column":32},"end":{"line":238,"column":58}},"58":{"start":{"line":239,"column":36},"end":{"line":239,"column":65}},"59":{"start":{"line":240,"column":28},"end":{"line":240,"column":49}},"60":{"start":{"line":241,"column":26},"end":{"line":241,"column":51}},"61":{"start":{"line":243,"column":26},"end":{"line":243,"column":28}},"62":{"start":{"line":245,"column":23},"end":{"line":250,"column":13}},"63":{"start":{"line":251,"column":8},"end":{"line":261,"column":9}},"64":{"start":{"line":253,"column":31},"end":{"line":253,"column":32}},"65":{"start":{"line":254,"column":16},"end":{"line":258,"column":19}},"66":{"start":{"line":255,"column":20},"end":{"line":257,"column":21}},"67":{"start":{"line":256,"column":24},"end":{"line":256,"column":46}},"68":{"start":{"line":259,"column":16},"end":{"line":259,"column":43}},"69":{"start":{"line":262,"column":8},"end":{"line":272,"column":9}},"70":{"start":{"line":264,"column":16},"end":{"line":270,"column":17}},"71":{"start":{"line":267,"column":24},"end":{"line":268,"column":85}},"72":{"start":{"line":268,"column":28},"end":{"line":268,"column":85}},"73":{"start":{"line":274,"column":8},"end":{"line":274,"column":27}},"74":{"start":{"line":275,"column":8},"end":{"line":275,"column":25}},"75":{"start":{"line":277,"column":8},"end":{"line":277,"column":27}},"76":{"start":{"line":278,"column":8},"end":{"line":278,"column":21}},"77":{"start":{"line":282,"column":35},"end":{"line":456,"column":1}},"78":{"start":{"line":283,"column":20},"end":{"line":283,"column":33}},"79":{"start":{"line":284,"column":18},"end":{"line":284,"column":34}},"80":{"start":{"line":285,"column":4},"end":{"line":455,"column":5}},"81":{"start":{"line":286,"column":32},"end":{"line":293,"column":10}},"82":{"start":{"line":295,"column":30},"end":{"line":301,"column":10}},"83":{"start":{"line":303,"column":27},"end":{"line":310,"column":10}},"84":{"start":{"line":312,"column":32},"end":{"line":358,"column":19}},"85":{"start":{"line":361,"column":27},"end":{"line":361,"column":29}},"86":{"start":{"line":362,"column":8},"end":{"line":369,"column":11}},"87":{"start":{"line":370,"column":8},"end":{"line":370,"column":50}},"88":{"start":{"line":372,"column":8},"end":{"line":384,"column":10}},"89":{"start":{"line":375,"column":16},"end":{"line":377,"column":17}},"90":{"start":{"line":376,"column":20},"end":{"line":376,"column":51}},"91":{"start":{"line":378,"column":16},"end":{"line":378,"column":136}},"92":{"start":{"line":379,"column":16},"end":{"line":382,"column":17}},"93":{"start":{"line":381,"column":20},"end":{"line":381,"column":139}},"94":{"start":{"line":386,"column":8},"end":{"line":399,"column":10}},"95":{"start":{"line":389,"column":30},"end":{"line":389,"column":85}},"96":{"start":{"line":389,"column":57},"end":{"line":389,"column":84}},"97":{"start":{"line":390,"column":16},"end":{"line":392,"column":17}},"98":{"start":{"line":391,"column":20},"end":{"line":391,"column":51}},"99":{"start":{"line":393,"column":16},"end":{"line":393,"column":135}},"100":{"start":{"line":394,"column":16},"end":{"line":397,"column":17}},"101":{"start":{"line":396,"column":20},"end":{"line":396,"column":135}},"102":{"start":{"line":401,"column":8},"end":{"line":414,"column":10}},"103":{"start":{"line":404,"column":30},"end":{"line":404,"column":82}},"104":{"start":{"line":404,"column":54},"end":{"line":404,"column":81}},"105":{"start":{"line":405,"column":16},"end":{"line":407,"column":17}},"106":{"start":{"line":406,"column":20},"end":{"line":406,"column":51}},"107":{"start":{"line":408,"column":16},"end":{"line":408,"column":126}},"108":{"start":{"line":409,"column":16},"end":{"line":412,"column":17}},"109":{"start":{"line":411,"column":20},"end":{"line":411,"column":129}},"110":{"start":{"line":416,"column":8},"end":{"line":429,"column":10}},"111":{"start":{"line":419,"column":30},"end":{"line":419,"column":87}},"112":{"start":{"line":419,"column":59},"end":{"line":419,"column":86}},"113":{"start":{"line":420,"column":16},"end":{"line":422,"column":17}},"114":{"start":{"line":421,"column":20},"end":{"line":421,"column":51}},"115":{"start":{"line":423,"column":16},"end":{"line":423,"column":144}},"116":{"start":{"line":424,"column":16},"end":{"line":427,"column":17}},"117":{"start":{"line":426,"column":20},"end":{"line":426,"column":137}},"118":{"start":{"line":431,"column":8},"end":{"line":431,"column":32}},"119":{"start":{"line":434,"column":29},"end":{"line":441,"column":30}},"120":{"start":{"line":435,"column":26},"end":{"line":439,"column":13}},"121":{"start":{"line":438,"column":80},"end":{"line":438,"column":85}},"122":{"start":{"line":440,"column":28},"end":{"line":440,"column":61}},"123":{"start":{"line":443,"column":23},"end":{"line":450,"column":9}},"124":{"start":{"line":445,"column":91},"end":{"line":445,"column":123}},"125":{"start":{"line":446,"column":94},"end":{"line":446,"column":124}},"126":{"start":{"line":447,"column":86},"end":{"line":447,"column":113}},"127":{"start":{"line":448,"column":90},"end":{"line":448,"column":123}},"128":{"start":{"line":451,"column":8},"end":{"line":451,"column":25}},"129":{"start":{"line":453,"column":8},"end":{"line":453,"column":27}},"130":{"start":{"line":454,"column":8},"end":{"line":454,"column":21}},"131":{"start":{"line":458,"column":0},"end":{"line":465,"column":2}}},"fnMap":{"0":{"name":"(anonymous_0)","decl":{"start":{"line":3,"column":29},"end":{"line":3,"column":30}},"loc":{"start":{"line":3,"column":49},"end":{"line":18,"column":1}},"line":3},"1":{"name":"(anonymous_1)","decl":{"start":{"line":20,"column":21},"end":{"line":20,"column":22}},"loc":{"start":{"line":20,"column":41},"end":{"line":31,"column":1}},"line":20},"2":{"name":"(anonymous_2)","decl":{"start":{"line":33,"column":25},"end":{"line":33,"column":26}},"loc":{"start":{"line":33,"column":45},"end":{"line":46,"column":1}},"line":33},"3":{"name":"(anonymous_3)","decl":{"start":{"line":49,"column":22},"end":{"line":49,"column":23}},"loc":{"start":{"line":49,"column":42},"end":{"line":144,"column":1}},"line":49},"4":{"name":"(anonymous_4)","decl":{"start":{"line":127,"column":78},"end":{"line":127,"column":79}},"loc":{"start":{"line":127,"column":89},"end":{"line":138,"column":9}},"line":127},"5":{"name":"(anonymous_5)","decl":{"start":{"line":128,"column":28},"end":{"line":128,"column":29}},"loc":{"start":{"line":128,"column":36},"end":{"line":137,"column":13}},"line":128},"6":{"name":"(anonymous_6)","decl":{"start":{"line":147,"column":25},"end":{"line":147,"column":26}},"loc":{"start":{"line":147,"column":45},"end":{"line":280,"column":1}},"line":147},"7":{"name":"(anonymous_7)","decl":{"start":{"line":149,"column":35},"end":{"line":149,"column":36}},"loc":{"start":{"line":149,"column":42},"end":{"line":149,"column":55}},"line":149},"8":{"name":"(anonymous_8)","decl":{"start":{"line":229,"column":31},"end":{"line":229,"column":32}},"loc":{"start":{"line":229,"column":54},"end":{"line":235,"column":9}},"line":229},"9":{"name":"(anonymous_9)","decl":{"start":{"line":230,"column":28},"end":{"line":230,"column":29}},"loc":{"start":{"line":230,"column":36},"end":{"line":233,"column":13}},"line":230},"10":{"name":"(anonymous_10)","decl":{"start":{"line":231,"column":40},"end":{"line":231,"column":41}},"loc":{"start":{"line":231,"column":48},"end":{"line":231,"column":66}},"line":231},"11":{"name":"(anonymous_11)","decl":{"start":{"line":251,"column":24},"end":{"line":251,"column":25}},"loc":{"start":{"line":252,"column":12},"end":{"line":260,"column":13}},"line":252},"12":{"name":"(anonymous_12)","decl":{"start":{"line":254,"column":31},"end":{"line":254,"column":32}},"loc":{"start":{"line":254,"column":39},"end":{"line":258,"column":17}},"line":254},"13":{"name":"(anonymous_13)","decl":{"start":{"line":262,"column":23},"end":{"line":262,"column":24}},"loc":{"start":{"line":263,"column":12},"end":{"line":271,"column":13}},"line":263},"14":{"name":"(anonymous_14)","decl":{"start":{"line":265,"column":20},"end":{"line":265,"column":21}},"loc":{"start":{"line":266,"column":20},"end":{"line":269,"column":21}},"line":266},"15":{"name":"(anonymous_15)","decl":{"start":{"line":282,"column":35},"end":{"line":282,"column":36}},"loc":{"start":{"line":282,"column":55},"end":{"line":456,"column":1}},"line":282},"16":{"name":"(anonymous_16)","decl":{"start":{"line":373,"column":12},"end":{"line":373,"column":13}},"loc":{"start":{"line":374,"column":12},"end":{"line":383,"column":13}},"line":374},"17":{"name":"(anonymous_17)","decl":{"start":{"line":387,"column":12},"end":{"line":387,"column":13}},"loc":{"start":{"line":388,"column":12},"end":{"line":398,"column":13}},"line":388},"18":{"name":"(anonymous_18)","decl":{"start":{"line":389,"column":49},"end":{"line":389,"column":50}},"loc":{"start":{"line":389,"column":57},"end":{"line":389,"column":84}},"line":389},"19":{"name":"(anonymous_19)","decl":{"start":{"line":402,"column":12},"end":{"line":402,"column":13}},"loc":{"start":{"line":403,"column":12},"end":{"line":413,"column":13}},"line":403},"20":{"name":"(anonymous_20)","decl":{"start":{"line":404,"column":46},"end":{"line":404,"column":47}},"loc":{"start":{"line":404,"column":54},"end":{"line":404,"column":81}},"line":404},"21":{"name":"(anonymous_21)","decl":{"start":{"line":417,"column":12},"end":{"line":417,"column":13}},"loc":{"start":{"line":418,"column":12},"end":{"line":428,"column":13}},"line":418},"22":{"name":"(anonymous_22)","decl":{"start":{"line":419,"column":51},"end":{"line":419,"column":52}},"loc":{"start":{"line":419,"column":59},"end":{"line":419,"column":86}},"line":419},"23":{"name":"(anonymous_23)","decl":{"start":{"line":435,"column":17},"end":{"line":435,"column":18}},"loc":{"start":{"line":435,"column":26},"end":{"line":439,"column":13}},"line":435},"24":{"name":"(anonymous_24)","decl":{"start":{"line":438,"column":70},"end":{"line":438,"column":71}},"loc":{"start":{"line":438,"column":80},"end":{"line":438,"column":85}},"line":438},"25":{"name":"(anonymous_25)","decl":{"start":{"line":440,"column":18},"end":{"line":440,"column":19}},"loc":{"start":{"line":440,"column":28},"end":{"line":440,"column":61}},"line":440},"26":{"name":"(anonymous_26)","decl":{"start":{"line":445,"column":83},"end":{"line":445,"column":84}},"loc":{"start":{"line":445,"column":91},"end":{"line":445,"column":123}},"line":445},"27":{"name":"(anonymous_27)","decl":{"start":{"line":446,"column":86},"end":{"line":446,"column":87}},"loc":{"start":{"line":446,"column":94},"end":{"line":446,"column":124}},"line":446},"28":{"name":"(anonymous_28)","decl":{"start":{"line":447,"column":78},"end":{"line":447,"column":79}},"loc":{"start":{"line":447,"column":86},"end":{"line":447,"column":113}},"line":447},"29":{"name":"(anonymous_29)","decl":{"start":{"line":448,"column":82},"end":{"line":448,"column":83}},"loc":{"start":{"line":448,"column":90},"end":{"line":448,"column":123}},"line":448}},"branchMap":{"0":{"loc":{"start":{"line":129,"column":16},"end":{"line":131,"column":17}},"type":"if","locations":[{"start":{"line":129,"column":16},"end":{"line":131,"column":17}},{"start":{},"end":{}}],"line":129},"1":{"loc":{"start":{"line":133,"column":20},"end":{"line":135,"column":21}},"type":"if","locations":[{"start":{"line":133,"column":20},"end":{"line":135,"column":21}},{"start":{},"end":{}}],"line":133},"2":{"loc":{"start":{"line":232,"column":29},"end":{"line":232,"column":97}},"type":"cond-expr","locations":[{"start":{"line":232,"column":56},"end":{"line":232,"column":91}},{"start":{"line":232,"column":94},"end":{"line":232,"column":97}}],"line":232},"3":{"loc":{"start":{"line":232,"column":30},"end":{"line":232,"column":52}},"type":"binary-expr","locations":[{"start":{"line":232,"column":30},"end":{"line":232,"column":35}},{"start":{"line":232,"column":39},"end":{"line":232,"column":52}}],"line":232},"4":{"loc":{"start":{"line":255,"column":20},"end":{"line":257,"column":21}},"type":"if","locations":[{"start":{"line":255,"column":20},"end":{"line":257,"column":21}},{"start":{},"end":{}}],"line":255},"5":{"loc":{"start":{"line":255,"column":24},"end":{"line":255,"column":73}},"type":"binary-expr","locations":[{"start":{"line":255,"column":24},"end":{"line":255,"column":48}},{"start":{"line":255,"column":52},"end":{"line":255,"column":73}}],"line":255},"6":{"loc":{"start":{"line":267,"column":24},"end":{"line":268,"column":85}},"type":"if","locations":[{"start":{"line":267,"column":24},"end":{"line":268,"column":85}},{"start":{},"end":{}}],"line":267},"7":{"loc":{"start":{"line":267,"column":28},"end":{"line":267,"column":70}},"type":"binary-expr","locations":[{"start":{"line":267,"column":28},"end":{"line":267,"column":45}},{"start":{"line":267,"column":49},"end":{"line":267,"column":70}}],"line":267},"8":{"loc":{"start":{"line":375,"column":16},"end":{"line":377,"column":17}},"type":"if","locations":[{"start":{"line":375,"column":16},"end":{"line":377,"column":17}},{"start":{},"end":{}}],"line":375},"9":{"loc":{"start":{"line":378,"column":62},"end":{"line":378,"column":135}},"type":"cond-expr","locations":[{"start":{"line":378,"column":88},"end":{"line":378,"column":131}},{"start":{"line":378,"column":132},"end":{"line":378,"column":135}}],"line":378},"10":{"loc":{"start":{"line":379,"column":16},"end":{"line":382,"column":17}},"type":"if","locations":[{"start":{"line":379,"column":16},"end":{"line":382,"column":17}},{"start":{},"end":{}}],"line":379},"11":{"loc":{"start":{"line":390,"column":16},"end":{"line":392,"column":17}},"type":"if","locations":[{"start":{"line":390,"column":16},"end":{"line":392,"column":17}},{"start":{},"end":{}}],"line":390},"12":{"loc":{"start":{"line":393,"column":60},"end":{"line":393,"column":134}},"type":"cond-expr","locations":[{"start":{"line":393,"column":89},"end":{"line":393,"column":130}},{"start":{"line":393,"column":131},"end":{"line":393,"column":134}}],"line":393},"13":{"loc":{"start":{"line":393,"column":60},"end":{"line":393,"column":88}},"type":"binary-expr","locations":[{"start":{"line":393,"column":60},"end":{"line":393,"column":65}},{"start":{"line":393,"column":67},"end":{"line":393,"column":88}}],"line":393},"14":{"loc":{"start":{"line":394,"column":16},"end":{"line":397,"column":17}},"type":"if","locations":[{"start":{"line":394,"column":16},"end":{"line":397,"column":17}},{"start":{},"end":{}}],"line":394},"15":{"loc":{"start":{"line":405,"column":16},"end":{"line":407,"column":17}},"type":"if","locations":[{"start":{"line":405,"column":16},"end":{"line":407,"column":17}},{"start":{},"end":{}}],"line":405},"16":{"loc":{"start":{"line":408,"column":57},"end":{"line":408,"column":125}},"type":"cond-expr","locations":[{"start":{"line":408,"column":83},"end":{"line":408,"column":121}},{"start":{"line":408,"column":122},"end":{"line":408,"column":125}}],"line":408},"17":{"loc":{"start":{"line":408,"column":57},"end":{"line":408,"column":82}},"type":"binary-expr","locations":[{"start":{"line":408,"column":57},"end":{"line":408,"column":62}},{"start":{"line":408,"column":64},"end":{"line":408,"column":82}}],"line":408},"18":{"loc":{"start":{"line":409,"column":16},"end":{"line":412,"column":17}},"type":"if","locations":[{"start":{"line":409,"column":16},"end":{"line":412,"column":17}},{"start":{},"end":{}}],"line":409},"19":{"loc":{"start":{"line":420,"column":16},"end":{"line":422,"column":17}},"type":"if","locations":[{"start":{"line":420,"column":16},"end":{"line":422,"column":17}},{"start":{},"end":{}}],"line":420},"20":{"loc":{"start":{"line":423,"column":63},"end":{"line":423,"column":143}},"type":"cond-expr","locations":[{"start":{"line":423,"column":95},"end":{"line":423,"column":139}},{"start":{"line":423,"column":140},"end":{"line":423,"column":143}}],"line":423},"21":{"loc":{"start":{"line":423,"column":63},"end":{"line":423,"column":94}},"type":"binary-expr","locations":[{"start":{"line":423,"column":63},"end":{"line":423,"column":68}},{"start":{"line":423,"column":70},"end":{"line":423,"column":94}}],"line":423},"22":{"loc":{"start":{"line":424,"column":16},"end":{"line":427,"column":17}},"type":"if","locations":[{"start":{"line":424,"column":16},"end":{"line":427,"column":17}},{"start":{},"end":{}}],"line":424}},"s":{"0":1,"1":1,"2":0,"3":0,"4":0,"5":0,"6":0,"7":0,"8":0,"9":1,"10":1,"11":1,"12":1,"13":0,"14":0,"15":1,"16":1,"17":1,"18":1,"19":1,"20":0,"21":0,"22":1,"23":1,"24":1,"25":1,"26":1,"27":1,"28":1,"29":1,"30":1,"31":1,"32":4,"33":5,"34":2,"35":5,"36":8,"37":5,"38":1,"39":0,"40":0,"41":1,"42":1,"43":1,"44":2,"45":1,"46":1,"47":1,"48":1,"49":1,"50":1,"51":1,"52":4,"53":8,"54":11,"55":8,"56":4,"57":1,"58":1,"59":1,"60":1,"61":1,"62":1,"63":1,"64":2,"65":2,"66":8,"67":2,"68":2,"69":1,"70":4,"71":8,"72":0,"73":1,"74":1,"75":0,"76":0,"77":1,"78":1,"79":1,"80":1,"81":1,"82":1,"83":1,"84":1,"85":1,"86":1,"87":1,"88":1,"89":2,"90":2,"91":2,"92":2,"93":0,"94":1,"95":2,"96":3,"97":2,"98":0,"99":2,"100":2,"101":0,"102":1,"103":2,"104":3,"105":2,"106":0,"107":2,"108":2,"109":0,"110":1,"111":2,"112":3,"113":2,"114":0,"115":2,"116":2,"117":0,"118":1,"119":1,"120":2,"121":8,"122":1,"123":1,"124":2,"125":2,"126":2,"127":2,"128":1,"129":0,"130":0,"131":1},"f":{"0":0,"1":1,"2":1,"3":1,"4":4,"5":5,"6":1,"7":2,"8":4,"9":8,"10":11,"11":2,"12":8,"13":4,"14":8,"15":1,"16":2,"17":2,"18":3,"19":2,"20":3,"21":2,"22":3,"23":2,"24":8,"25":1,"26":2,"27":2,"28":2,"29":2},"b":{"0":[2,3],"1":[5,3],"2":[0,8],"3":[8,7],"4":[2,6],"5":[8,8],"6":[0,8],"7":[8,8],"8":[2,0],"9":[0,2],"10":[0,2],"11":[0,2],"12":[0,2],"13":[2,2],"14":[0,2],"15":[0,2],"16":[0,2],"17":[2,2],"18":[0,2],"19":[0,2],"20":[0,2],"21":[2,2],"22":[0,2]},"_coverageSchema":"1a1c01bbd47fc00a2c39e90264f33305004495a9","hash":"efa24098fa42e3edcfa6e1967745ac55ad08d54e"}
}
