TN:
SF:server.js
FN:17,(anonymous_0)
FN:31,(anonymous_1)
FN:58,(anonymous_2)
FNF:3
FNH:3
FNDA:2,(anonymous_0)
FNDA:2,(anonymous_1)
FNDA:1,(anonymous_2)
DA:1,1
DA:2,1
DA:3,1
DA:4,1
DA:5,1
DA:6,1
DA:7,1
DA:8,1
DA:9,1
DA:11,1
DA:12,1
DA:15,1
DA:17,1
DA:18,2
DA:19,2
DA:20,2
DA:21,1
DA:23,1
DA:24,1
DA:26,0
DA:31,1
DA:32,2
DA:33,2
DA:34,2
DA:35,1
DA:37,1
DA:41,1
DA:42,1
DA:43,1
DA:44,1
DA:45,1
DA:46,1
DA:47,1
DA:48,1
DA:49,1
DA:50,1
DA:51,1
DA:52,1
DA:53,1
DA:54,1
DA:55,1
DA:56,1
DA:58,1
DA:59,1
DA:62,1
LF:45
LH:44
BRDA:23,0,0,1
BRDA:23,0,1,0
BRF:2
BRH:1
end_of_record
TN:
SF:api/airline.js
FN:4,(anonymous_0)
FNF:1
FNH:1
FNDA:2,(anonymous_0)
DA:1,1
DA:4,1
DA:5,2
DA:6,2
DA:7,2
DA:8,2
DA:9,2
DA:11,2
DA:39,2
DA:41,2
DA:43,2
DA:44,2
DA:46,2
DA:47,1
DA:92,1
DA:93,1
DA:96,2
DA:98,0
DA:99,0
DA:103,1
LF:20
LH:18
BRDA:46,0,0,1
BRDA:46,0,1,1
BRF:2
BRH:2
end_of_record
TN:
SF:api/attractions.js
FN:3,(anonymous_0)
FN:25,(anonymous_1)
FN:45,(anonymous_2)
FNF:3
FNH:3
FNDA:1,(anonymous_0)
FNDA:1,(anonymous_1)
FNDA:1,(anonymous_2)
DA:1,1
DA:3,1
DA:4,1
DA:5,1
DA:7,1
DA:8,1
DA:17,1
DA:18,1
DA:20,0
DA:21,0
DA:25,1
DA:26,1
DA:28,1
DA:29,1
DA:37,1
DA:38,1
DA:40,0
DA:41,0
DA:45,1
DA:46,1
DA:47,1
DA:48,1
DA:49,1
DA:50,0
DA:53,1
DA:54,1
DA:64,1
DA:65,1
DA:67,0
DA:68,0
DA:113,1
LF:31
LH:24
BRDA:48,0,0,1
BRDA:48,0,1,0
BRDA:49,1,0,0
BRDA:49,1,1,1
BRDA:49,2,0,1
BRDA:49,2,1,1
BRF:6
BRH:4
end_of_record
TN:
SF:api/business.js
FN:6,(anonymous_0)
FN:29,(anonymous_1)
FN:48,(anonymous_2)
FNF:3
FNH:3
FNDA:1,(anonymous_0)
FNDA:1,(anonymous_1)
FNDA:1,(anonymous_2)
DA:1,1
DA:6,1
DA:7,1
DA:8,1
DA:10,1
DA:11,1
DA:19,1
DA:20,1
DA:22,0
DA:23,0
DA:29,1
DA:30,1
DA:32,1
DA:33,1
DA:39,1
DA:40,1
DA:42,0
DA:43,0
DA:48,1
DA:50,1
DA:51,1
DA:52,1
DA:54,1
DA:55,0
DA:58,1
DA:59,1
DA:66,1
DA:68,1
DA:70,0
DA:71,0
DA:100,1
LF:31
LH:24
BRDA:52,0,0,1
BRDA:52,0,1,0
BRDA:54,1,0,0
BRDA:54,1,1,1
BRDA:54,2,0,1
BRDA:54,2,1,1
BRF:6
BRH:4
end_of_record
TN:
SF:api/hotels.js
FN:5,(anonymous_0)
FN:30,(anonymous_1)
FN:53,(anonymous_2)
FN:81,(anonymous_3)
FNF:4
FNH:4
FNDA:1,(anonymous_0)
FNDA:1,(anonymous_1)
FNDA:1,(anonymous_2)
FNDA:1,(anonymous_3)
DA:1,1
DA:5,1
DA:6,1
DA:7,1
DA:10,1
DA:11,1
DA:21,1
DA:22,1
DA:25,0
DA:26,0
DA:30,1
DA:31,1
DA:33,1
DA:34,1
DA:42,1
DA:43,1
DA:47,0
DA:48,0
DA:53,1
DA:54,1
DA:55,1
DA:56,1
DA:57,1
DA:58,0
DA:62,1
DA:63,1
DA:71,1
DA:72,1
DA:74,0
DA:75,0
DA:81,1
DA:82,1
DA:83,1
DA:84,1
DA:85,0
DA:90,1
DA:91,1
DA:92,1
DA:93,0
DA:95,1
DA:96,1
DA:98,1
DA:99,1
DA:104,1
DA:105,1
DA:106,1
DA:108,1
DA:109,1
DA:110,0
DA:115,1
DA:116,1
DA:144,1
DA:145,1
DA:146,1
DA:147,1
DA:148,1
DA:151,0
DA:152,0
DA:157,1
LF:59
LH:47
BRDA:56,0,0,1
BRDA:56,0,1,0
BRDA:57,1,0,0
BRDA:57,1,1,1
BRDA:57,2,0,1
BRDA:57,2,1,1
BRDA:84,3,0,0
BRDA:84,3,1,1
BRDA:84,4,0,1
BRDA:84,4,1,1
BRDA:91,5,0,1
BRDA:91,5,1,0
BRDA:92,6,0,0
BRDA:92,6,1,1
BRDA:95,7,0,1
BRDA:95,7,1,0
BRDA:96,8,0,1
BRDA:96,8,1,0
BRDA:98,9,0,1
BRDA:98,9,1,0
BRDA:99,10,0,1
BRDA:99,10,1,0
BRDA:105,11,0,1
BRDA:105,11,1,0
BRDA:108,12,0,1
BRDA:108,12,1,0
BRDA:109,13,0,1
BRDA:109,13,1,0
BRF:28
BRH:16
end_of_record
TN:
SF:api/location.js
FN:3,(anonymous_0)
FN:20,(anonymous_1)
FN:33,(anonymous_2)
FN:49,(anonymous_3)
FN:127,(anonymous_4)
FN:128,(anonymous_5)
FN:147,(anonymous_6)
FN:149,(anonymous_7)
FN:229,(anonymous_8)
FN:230,(anonymous_9)
FN:231,(anonymous_10)
FN:251,(anonymous_11)
FN:254,(anonymous_12)
FN:262,(anonymous_13)
FN:265,(anonymous_14)
FN:282,(anonymous_15)
FN:373,(anonymous_16)
FN:387,(anonymous_17)
FN:389,(anonymous_18)
FN:402,(anonymous_19)
FN:404,(anonymous_20)
FN:417,(anonymous_21)
FN:419,(anonymous_22)
FN:435,(anonymous_23)
FN:438,(anonymous_24)
FN:440,(anonymous_25)
FN:445,(anonymous_26)
FN:446,(anonymous_27)
FN:447,(anonymous_28)
FN:448,(anonymous_29)
FNF:30
FNH:29
FNDA:0,(anonymous_0)
FNDA:1,(anonymous_1)
FNDA:1,(anonymous_2)
FNDA:1,(anonymous_3)
FNDA:4,(anonymous_4)
FNDA:5,(anonymous_5)
FNDA:1,(anonymous_6)
FNDA:2,(anonymous_7)
FNDA:4,(anonymous_8)
FNDA:8,(anonymous_9)
FNDA:11,(anonymous_10)
FNDA:2,(anonymous_11)
FNDA:8,(anonymous_12)
FNDA:4,(anonymous_13)
FNDA:8,(anonymous_14)
FNDA:1,(anonymous_15)
FNDA:2,(anonymous_16)
FNDA:2,(anonymous_17)
FNDA:3,(anonymous_18)
FNDA:2,(anonymous_19)
FNDA:3,(anonymous_20)
FNDA:2,(anonymous_21)
FNDA:3,(anonymous_22)
FNDA:2,(anonymous_23)
FNDA:8,(anonymous_24)
FNDA:1,(anonymous_25)
FNDA:2,(anonymous_26)
FNDA:2,(anonymous_27)
FNDA:2,(anonymous_28)
FNDA:2,(anonymous_29)
DA:1,1
DA:3,1
DA:4,0
DA:5,0
DA:7,0
DA:8,0
DA:13,0
DA:15,0
DA:16,0
DA:20,1
DA:21,1
DA:22,1
DA:26,1
DA:28,0
DA:29,0
DA:33,1
DA:34,1
DA:35,1
DA:36,1
DA:41,1
DA:43,0
DA:44,0
DA:49,1
DA:50,1
DA:51,1
DA:52,1
DA:53,1
DA:61,1
DA:68,1
DA:77,1
DA:126,1
DA:127,1
DA:128,4
DA:129,5
DA:130,2
DA:132,5
DA:133,8
DA:134,5
DA:139,1
DA:141,0
DA:142,0
DA:147,1
DA:148,1
DA:149,2
DA:150,1
DA:151,1
DA:153,1
DA:161,1
DA:168,1
DA:177,1
DA:229,1
DA:230,4
DA:231,11
DA:232,8
DA:234,4
DA:238,1
DA:239,1
DA:240,1
DA:241,1
DA:243,1
DA:245,1
DA:251,1
DA:253,2
DA:254,2
DA:255,8
DA:256,2
DA:259,2
DA:262,1
DA:264,4
DA:267,8
DA:268,0
DA:274,1
DA:275,1
DA:277,0
DA:278,0
DA:282,1
DA:283,1
DA:284,1
DA:285,1
DA:286,1
DA:295,1
DA:303,1
DA:312,1
DA:361,1
DA:362,1
DA:370,1
DA:372,1
DA:375,2
DA:376,2
DA:378,2
DA:379,2
DA:381,0
DA:386,1
DA:389,3
DA:390,2
DA:391,0
DA:393,2
DA:394,2
DA:396,0
DA:401,1
DA:404,3
DA:405,2
DA:406,0
DA:408,2
DA:409,2
DA:411,0
DA:416,1
DA:419,3
DA:420,2
DA:421,0
DA:423,2
DA:424,2
DA:426,0
DA:431,1
DA:434,1
DA:435,2
DA:438,8
DA:440,1
DA:443,1
DA:445,2
DA:446,2
DA:447,2
DA:448,2
DA:451,1
DA:453,0
DA:454,0
DA:458,1
LF:127
LH:102
BRDA:129,0,0,2
BRDA:129,0,1,3
BRDA:133,1,0,5
BRDA:133,1,1,3
BRDA:232,2,0,0
BRDA:232,2,1,8
BRDA:232,3,0,8
BRDA:232,3,1,7
BRDA:255,4,0,2
BRDA:255,4,1,6
BRDA:255,5,0,8
BRDA:255,5,1,8
BRDA:267,6,0,0
BRDA:267,6,1,8
BRDA:267,7,0,8
BRDA:267,7,1,8
BRDA:375,8,0,2
BRDA:375,8,1,0
BRDA:378,9,0,0
BRDA:378,9,1,2
BRDA:379,10,0,0
BRDA:379,10,1,2
BRDA:390,11,0,0
BRDA:390,11,1,2
BRDA:393,12,0,0
BRDA:393,12,1,2
BRDA:393,13,0,2
BRDA:393,13,1,2
BRDA:394,14,0,0
BRDA:394,14,1,2
BRDA:405,15,0,0
BRDA:405,15,1,2
BRDA:408,16,0,0
BRDA:408,16,1,2
BRDA:408,17,0,2
BRDA:408,17,1,2
BRDA:409,18,0,0
BRDA:409,18,1,2
BRDA:420,19,0,0
BRDA:420,19,1,2
BRDA:423,20,0,0
BRDA:423,20,1,2
BRDA:423,21,0,2
BRDA:423,21,1,2
BRDA:424,22,0,0
BRDA:424,22,1,2
BRF:46
BRH:32
end_of_record
